1593251284225	mozrunner::runner	INFO	Running command: "C:\\Program Files\\Mozilla Firefox\\firefox.exe" "-marionette" "-foreground" "-no-remote" "-profile" "C:\\Users\\Toby\\AppData\\Local\\Temp\\rust_mozprofileXSB5kL"
JavaScript error: resource://gre/modules/XULStore.jsm, line 66: Error: Can't find profile directory.
1593251285687	Marionette	INFO	Listening on port 60669
1593251285734	Marionette	WARN	TLS certificate errors will be ignored for this session
1593251503778	Marionette	INFO	Stopped listening on port 60669

###!!! [Child][RunMessage] Error: Channel closing: too late to send/recv, messages will be lost


###!!! [Child][MessageChannel::SendAndWait] Error: Channel error: cannot send/recv

modules/XULStore.jsm, line 66: Error: Can't find profile directory.
1593251441501	Marionette	INFO	Listening on port 60838
1593251441734	Marionette	WARN	TLS certificate errors will be ignored for this session
1593251504466	Marionette	INFO	Stopped listening on port 60838

###!!! [Child][RunMessage] Error: Channel closing: too late to send/recv, messages will be lost


###!!! [Child][MessageChannel::SendAndWait] Error: Channel error: cannot send/recv

1593251944852	mozrunner::runner	INFO	Running command: "C:\\Program Files\\Mozilla Firefox\\firefox.exe" "-marionette" "-foreground" "-no-remote" "-profile" "C:\\Users\\Toby\\AppData\\Local\\Temp\\rust_mozprofileutfPwn"
JavaScript error: resource://gre/modules/XULStore.jsm, line 66: Error: Can't find profile directory.
1593251946157	Marionette	INFO	Listening on port 64303
1593251946361	Marionette	WARN	TLS certificate errors will be ignored for this session
1593251947310	Marionette	INFO	Stopped listening on port 64303

###!!! [Child][RunMessage] Error: Channel closing: too late to send/recv, messages will be lost


###!!! [Child][MessageChannel::SendAndWait] Error: Channel error: cannot send/recv

1593251955588	mozrunner::runner	INFO	Running command: "C:\\Program Files\\Mozilla Firefox\\firefox.exe" "-marionette" "-foreground" "-no-remote" "-profile" "C:\\Users\\Toby\\AppData\\Local\\Temp\\rust_mozprofileq3LpHT"
JavaScript error: resource://gre/modules/XULStore.jsm, line 66: Error: Can't find profile directory.
1593251956885	Marionette	INFO	Listening on port 64381
1593251957094	Marionette	WARN	TLS certificate errors will be ignored for this session
console.error: "Store does not have a valid reducer. Make sure the argument passed to combineReducers is an object whose values are reducers."
1593253184233	Marionette	INFO	Stopped listening on port 64381

###!!! [Child][RunMessage] Error: Channel closing: too late to send/recv, messages will be lost


###!!! [Child][MessageChannel::SendAndWait] Error: Channel error: cannot send/recv

modules/XULStore.jsm, line 66: Error: Can't find profile directory.
1593252052451	Marionette	INFO	Listening on port 64480
1593252052699	Marionette	WARN	TLS certificate errors will be ignored for this session
console.error: "Store does not have a valid reducer. Make sure the argument passed to combineReducers is an object whose values are reducers."
console.error: "Store does not have a valid reducer. Make sure the argument passed to combineReducers is an object whose values are reducers."
1593252314821	Marionette	INFO	Stopped listening on port 64480

###!!! [Child][RunMessage] Error: Channel closing: too late to send/recv, messages will be lost


###!!! [Child][MessageChannel::SendAndWait] Error: Channel error: cannot send/recv

modules/XULStore.jsm, line 66: Error: Can't find profile directory.
1593252175171	Marionette	INFO	Listening on port 64592
1593252175356	Marionette	WARN	TLS certificate errors will be ignored for this session
1593252314155	Marionette	INFO	Stopped listening on port 64592

###!!! [Child][RunMessage] Error: Channel closing: too late to send/recv, messages will be lost


###!!! [Child][MessageChannel::SendAndWait] Error: Channel error: cannot send/recv

modules/XULStore.jsm, line 66: Error: Can't find profile directory.
1593252208500	Marionette	INFO	Listening on port 64679
1593252208612	Marionette	WARN	TLS certificate errors will be ignored for this session
console.error: "Store does not have a valid reducer. Make sure the argument passed to combineReducers is an object whose values are reducers."
1593252313462	Marionette	INFO	Stopped listening on port 64679

###!!! [Child][MessageChannel::SendAndWait] Error: Channel error: cannot send/recv

ile" "C:\\Users\\Toby\\AppData\\Local\\Temp\\rust_mozprofileNwEY8z"
JavaScript error: resource://gre/modules/XULStore.jsm, line 66: Error: Can't find profile directory.
1593252279172	Marionette	INFO	Listening on port 64769
1593252279299	Marionette	WARN	TLS certificate errors will be ignored for this session
1593252312798	Marionette	INFO	Stopped listening on port 64769

###!!! [Child][RunMessage] Error: Channel closing: too late to send/recv, messages will be lost


###!!! [Child][MessageChannel::SendAndWait] Error: Channel error: cannot send/recv

modules/XULStore.jsm, line 66: Error: Can't find profile directory.
1593252300524	Marionette	INFO	Listening on port 64851
1593252300703	Marionette	WARN	TLS certificate errors will be ignored for this session
console.error: "Store does not have a valid reducer. Make sure the argument passed to combineReducers is an object whose values are reducers."
1593252312249	Marionette	INFO	Stopped listening on port 64851

###!!! [Child][RunMessage] Error: Channel closing: too late to send/recv, messages will be lost


###!!! [Child][MessageChannel::SendAndWait] Error: Channel error: cannot send/recv

1593252359985	mozrunner::runner	INFO	Running command: "C:\\Program Files\\Mozilla Firefox\\firefox.exe" "-marionette" "-foreground" "-no-remote" "-profile" "C:\\Users\\Toby\\AppData\\Local\\Temp\\rust_mozprofiledwoJv2"
JavaScript error: resource://gre/modules/XULStore.jsm, line 66: Error: Can't find profile directory.
1593252361251	Marionette	INFO	Listening on port 64938
1593252361491	Marionette	WARN	TLS certificate errors will be ignored for this session
console.error: "Store does not have a valid reducer. Make sure the argument passed to combineReducers is an object whose values are reducers."
1593253189217	Marionette	INFO	Stopped listening on port 64938

###!!! [Child][RunMessage] Error: Channel closing: too late to send/recv, messages will be lost


###!!! [Child][MessageChannel::SendAndWait] Error: Channel error: cannot send/recv

modules/XULStore.jsm, line 66: Error: Can't find profile directory.
1593252391250	Marionette	INFO	Listening on port 65025
1593252391419	Marionette	WARN	TLS certificate errors will be ignored for this session
console.error: "Store does not have a valid reducer. Make sure the argument passed to combineReducers is an object whose values are reducers."
1593253186647	Marionette	INFO	Stopped listening on port 65025

###!!! [Child][RunMessage] Error: Channel closing: too late to send/recv, messages will be lost


###!!! [Child][MessageChannel::SendAndWait] Error: Channel error: cannot send/recv

modules/XULStore.jsm, line 66: Error: Can't find profile directory.
1593252428203	Marionette	INFO	Listening on port 65120
1593252428317	Marionette	WARN	TLS certificate errors will be ignored for this session
1593253189785	Marionette	INFO	Stopped listening on port 65120

###!!! [Child][RunMessage] Error: Channel closing: too late to send/recv, messages will be lost


###!!! [Child][MessageChannel::SendAndWait] Error: Channel error: cannot send/recv

modules/XULStore.jsm, line 66: Error: Can't find profile directory.
1593252440689	Marionette	INFO	Listening on port 65200
1593252440922	Marionette	WARN	TLS certificate errors will be ignored for this session
console.error: "Store does not have a valid reducer. Make sure the argument passed to combineReducers is an object whose values are reducers."
1593253190774	Marionette	INFO	Stopped listening on port 65200

###!!! [Child][RunMessage] Error: Channel closing: too late to send/recv, messages will be lost


###!!! [Child][MessageChannel::SendAndWait] Error: Channel error: cannot send/recv

modules/XULStore.jsm, line 66: Error: Can't find profile directory.
1593252498611	Marionette	INFO	Listening on port 65317
1593252498836	Marionette	WARN	TLS certificate errors will be ignored for this session
1593253190742	Marionette	INFO	Stopped listening on port 65317

###!!! [Child][RunMessage] Error: Channel closing: too late to send/recv, messages will be lost


###!!! [Child][MessageChannel::SendAndWait] Error: Channel error: cannot send/recv

modules/XULStore.jsm, line 66: Error: Can't find profile directory.
1593252530857	Marionette	INFO	Listening on port 65401
1593252531084	Marionette	WARN	TLS certificate errors will be ignored for this session
1593253191216	Marionette	INFO	Stopped listening on port 65401

###!!! [Child][MessageChannel::SendAndWait] Error: Channel error: cannot send/recv

1593253330258	mozrunner::runner	INFO	Running command: "C:\\Program Files\\Mozilla Firefox\\firefox.exe" "-marionette" "-foreground" "-no-remote" "-profile" "C:\\Users\\Toby\\AppData\\Local\\Temp\\rust_mozprofileSmHr70"
JavaScript error: resource://gre/modules/XULStore.jsm, line 66: Error: Can't find profile directory.
1593253331557	Marionette	INFO	Listening on port 49286
1593253331765	Marionette	WARN	TLS certificate errors will be ignored for this session
1593253623524	Marionette	INFO	Stopped listening on port 49286

###!!! [Child][MessageChannel::SendAndWait] Error: Channel error: cannot send/recv

ile" "C:\\Users\\Toby\\AppData\\Local\\Temp\\rust_mozprofilelUL5xi"
JavaScript error: resource://gre/modules/XULStore.jsm, line 66: Error: Can't find profile directory.
1593253342843	Marionette	INFO	Listening on port 49361
1593253343025	Marionette	WARN	TLS certificate errors will be ignored for this session
console.error: "Store does not have a valid reducer. Make sure the argument passed to combineReducers is an object whose values are reducers."
1593253624130	Marionette	INFO	Stopped listening on port 49361

###!!! [Child][MessageChannel::SendAndWait] Error: Channel error: cannot send/recv

ile" "C:\\Users\\Toby\\AppData\\Local\\Temp\\rust_mozprofilenYadyc"
JavaScript error: resource://gre/modules/XULStore.jsm, line 66: Error: Can't find profile directory.
1593253385367	Marionette	INFO	Listening on port 49454
1593253385581	Marionette	WARN	TLS certificate errors will be ignored for this session
1593253624556	Marionette	INFO	Stopped listening on port 49454

###!!! [Child][RunMessage] Error: Channel closing: too late to send/recv, messages will be lost


###!!! [Child][MessageChannel::SendAndWait] Error: Channel error: cannot send/recv

modules/XULStore.jsm, line 66: Error: Can't find profile directory.
1593253478594	Marionette	INFO	Listening on port 49600
1593253478735	Marionette	WARN	TLS certificate errors will be ignored for this session
1593253625005	Marionette	INFO	Stopped listening on port 49600

###!!! [Child][RunMessage] Error: Channel closing: too late to send/recv, messages will be lost


###!!! [Child][MessageChannel::SendAndWait] Error: Channel error: cannot send/recv

modules/XULStore.jsm, line 66: Error: Can't find profile directory.
1593253499013	Marionette	INFO	Listening on port 49690
1593253499249	Marionette	WARN	TLS certificate errors will be ignored for this session
1593253625413	Marionette	INFO	Stopped listening on port 49690

###!!! [Child][RunMessage] Error: Channel closing: too late to send/recv, messages will be lost


###!!! [Child][MessageChannel::SendAndWait] Error: Channel error: cannot send/recv

modules/XULStore.jsm, line 66: Error: Can't find profile directory.
1593253534883	Marionette	INFO	Listening on port 49776
1593253535097	Marionette	WARN	TLS certificate errors will be ignored for this session
1593253625796	Marionette	INFO	Stopped listening on port 49776

###!!! [Child][MessageChannel::SendAndWait] Error: Channel error: cannot send/recv

ile" "C:\\Users\\Toby\\AppData\\Local\\Temp\\rust_mozprofileJLY1yI"
JavaScript error: resource://gre/modules/XULStore.jsm, line 66: Error: Can't find profile directory.
1593253578550	Marionette	INFO	Listening on port 49869
1593253578759	Marionette	WARN	TLS certificate errors will be ignored for this session
1593253626258	Marionette	INFO	Stopped listening on port 49869

###!!! [Child][RunMessage] Error: Channel closing: too late to send/recv, messages will be lost


###!!! [Child][MessageChannel::SendAndWait] Error: Channel error: cannot send/recv

modules/XULStore.jsm, line 66: Error: Can't find profile directory.
1593253592829	Marionette	INFO	Listening on port 49951
1593253592992	Marionette	WARN	TLS certificate errors will be ignored for this session
1593253626640	Marionette	INFO	Stopped listening on port 49951

###!!! [Child][MessageChannel::SendAndWait] Error: Channel error: cannot send/recv

ile" "C:\\Users\\Toby\\AppData\\Local\\Temp\\rust_mozprofileM4MsyE"
JavaScript error: resource://gre/modules/XULStore.jsm, line 66: Error: Can't find profile directory.
1593253608490	Marionette	INFO	Listening on port 50034
1593253608649	Marionette	WARN	TLS certificate errors will be ignored for this session
1593253627052	Marionette	INFO	Stopped listening on port 50034

###!!! [Child][MessageChannel::SendAndWait] Error: Channel error: cannot send/recv

1593253790692	mozrunner::runner	INFO	Running command: "C:\\Program Files\\Mozilla Firefox\\firefox.exe" "-marionette" "-foreground" "-no-remote" "-profile" "C:\\Users\\Toby\\AppData\\Local\\Temp\\rust_mozprofiledM2DG4"
JavaScript error: resource://gre/modules/XULStore.jsm, line 66: Error: Can't find profile directory.
1593253791984	Marionette	INFO	Listening on port 50183
1593253792203	Marionette	WARN	TLS certificate errors will be ignored for this session
1593254851968	Marionette	INFO	Stopped listening on port 50183

###!!! [Child][RunMessage] Error: Channel closing: too late to send/recv, messages will be lost


###!!! [Child][MessageChannel::SendAndWait] Error: Channel error: cannot send/recv

modules/XULStore.jsm, line 66: Error: Can't find profile directory.
1593253859626	Marionette	INFO	Listening on port 50298
1593253859839	Marionette	WARN	TLS certificate errors will be ignored for this session
1593254852448	Marionette	INFO	Stopped listening on port 50298

###!!! [Child][RunMessage] Error: Channel closing: too late to send/recv, messages will be lost


###!!! [Child][MessageChannel::SendAndWait] Error: Channel error: cannot send/recv

modules/XULStore.jsm, line 66: Error: Can't find profile directory.
1593253940921	Marionette	INFO	Listening on port 50394
1593253941132	Marionette	WARN	TLS certificate errors will be ignored for this session
1593254852865	Marionette	INFO	Stopped listening on port 50394

###!!! [Child][RunMessage] Error: Channel closing: too late to send/recv, messages will be lost


###!!! [Child][MessageChannel::SendAndWait] Error: Channel error: cannot send/recv

modules/XULStore.jsm, line 66: Error: Can't find profile directory.
1593254059259	Marionette	INFO	Listening on port 50509
1593254059478	Marionette	WARN	TLS certificate errors will be ignored for this session
console.error: "Store does not have a valid reducer. Make sure the argument passed to combineReducers is an object whose values are reducers."
1593254853301	Marionette	INFO	Stopped listening on port 50509

###!!! [Child][RunMessage] Error: Channel closing: too late to send/recv, messages will be lost


###!!! [Child][MessageChannel::SendAndWait] Error: Channel error: cannot send/recv

modules/XULStore.jsm, line 66: Error: Can't find profile directory.
1593254133498	Marionette	INFO	Listening on port 50610
1593254133643	Marionette	WARN	TLS certificate errors will be ignored for this session
1593254853645	Marionette	INFO	Stopped listening on port 50610

###!!! [Child][RunMessage] Error: Channel closing: too late to send/recv, messages will be lost


###!!! [Child][MessageChannel::SendAndWait] Error: Channel error: cannot send/recv

modules/XULStore.jsm, line 66: Error: Can't find profile directory.
1593254225987	Marionette	INFO	Listening on port 50699
1593254226171	Marionette	WARN	TLS certificate errors will be ignored for this session
1593254854046	Marionette	INFO	Stopped listening on port 50699

###!!! [Child][RunMessage] Error: Channel closing: too late to send/recv, messages will be lost


###!!! [Child][MessageChannel::SendAndWait] Error: Channel error: cannot send/recv

modules/XULStore.jsm, line 66: Error: Can't find profile directory.
1593254359654	Marionette	INFO	Listening on port 50853
1593254359857	Marionette	WARN	TLS certificate errors will be ignored for this session
1593254854420	Marionette	INFO	Stopped listening on port 50853

###!!! [Child][RunMessage] Error: Channel closing: too late to send/recv, messages will be lost


###!!! [Child][MessageChannel::SendAndWait] Error: Channel error: cannot send/recv

modules/XULStore.jsm, line 66: Error: Can't find profile directory.
1593254527814	Marionette	INFO	Listening on port 50988
1593254527965	Marionette	WARN	TLS certificate errors will be ignored for this session
1593254854829	Marionette	INFO	Stopped listening on port 50988

###!!! [Child][RunMessage] Error: Channel closing: too late to send/recv, messages will be lost


###!!! [Child][MessageChannel::SendAndWait] Error: Channel error: cannot send/recv

modules/XULStore.jsm, line 66: Error: Can't find profile directory.
1593254553032	Marionette	INFO	Listening on port 51076
1593254553181	Marionette	WARN	TLS certificate errors will be ignored for this session
1593254855192	Marionette	INFO	Stopped listening on port 51076

###!!! [Child][RunMessage] Error: Channel closing: too late to send/recv, messages will be lost


###!!! [Child][MessageChannel::SendAndWait] Error: Channel error: cannot send/recv

modules/XULStore.jsm, line 66: Error: Can't find profile directory.
1593254780464	Marionette	INFO	Listening on port 51234
1593254855611	Marionette	INFO	Stopped listening on port 51234

###!!! [Child][MessageChannel::SendAndWait] Error: Channel error: cannot send/recv

ile" "C:\\Users\\Toby\\AppData\\Local\\Temp\\rust_mozprofilentPrDx"
JavaScript error: resource://gre/modules/XULStore.jsm, line 66: Error: Can't find profile directory.
1593254787280	Marionette	INFO	Listening on port 51290
1593254787462	Marionette	WARN	TLS certificate errors will be ignored for this session
1593254855963	Marionette	INFO	Stopped listening on port 51290

###!!! [Child][RunMessage] Error: Channel closing: too late to send/recv, messages will be lost


###!!! [Child][MessageChannel::SendAndWait] Error: Channel error: cannot send/recv

modules/XULStore.jsm, line 66: Error: Can't find profile directory.
1593254814783	Marionette	INFO	Listening on port 51370
1593254814987	Marionette	WARN	TLS certificate errors will be ignored for this session
1593255437242	Marionette	INFO	Stopped listening on port 51370

###!!! [Child][RunMessage] Error: Channel closing: too late to send/recv, messages will be lost


###!!! [Child][MessageChannel::SendAndWait] Error: Channel error: cannot send/recv

modules/XULStore.jsm, line 66: Error: Can't find profile directory.
1593254871922	Marionette	INFO	Listening on port 51471
1593254872146	Marionette	WARN	TLS certificate errors will be ignored for this session
console.error: "Store does not have a valid reducer. Make sure the argument passed to combineReducers is an object whose values are reducers."
1593255437703	Marionette	INFO	Stopped listening on port 51471

###!!! [Child][RunMessage] Error: Channel closing: too late to send/recv, messages will be lost


###!!! [Child][MessageChannel::SendAndWait] Error: Channel error: cannot send/recv

modules/XULStore.jsm, line 66: Error: Can't find profile directory.
1593255217320	Marionette	INFO	Listening on port 51682
1593255217496	Marionette	WARN	TLS certificate errors will be ignored for this session
1593255438038	Marionette	INFO	Stopped listening on port 51682

###!!! [Child][RunMessage] Error: Channel closing: too late to send/recv, messages will be lost


###!!! [Child][MessageChannel::SendAndWait] Error: Channel error: cannot send/recv

modules/XULStore.jsm, line 66: Error: Can't find profile directory.
1593255240633	Marionette	INFO	Listening on port 51759
1593255240858	Marionette	WARN	TLS certificate errors will be ignored for this session
1593255438445	Marionette	INFO	Stopped listening on port 51759

###!!! [Child][MessageChannel::SendAndWait] Error: Channel error: cannot send/recv

ile" "C:\\Users\\Toby\\AppData\\Local\\Temp\\rust_mozprofilek5kr7X"
JavaScript error: resource://gre/modules/XULStore.jsm, line 66: Error: Can't find profile directory.
1593255271866	Marionette	INFO	Listening on port 51844
1593255272059	Marionette	WARN	TLS certificate errors will be ignored for this session
1593255438871	Marionette	INFO	Stopped listening on port 51844

###!!! [Child][MessageChannel::SendAndWait] Error: Channel error: cannot send/recv

ile" "C:\\Users\\Toby\\AppData\\Local\\Temp\\rust_mozprofileUwhZif"
JavaScript error: resource://gre/modules/XULStore.jsm, line 66: Error: Can't find profile directory.
1593255290468	Marionette	INFO	Listening on port 51927
1593255290688	Marionette	WARN	TLS certificate errors will be ignored for this session
1593255439253	Marionette	INFO	Stopped listening on port 51927

###!!! [Child][MessageChannel::SendAndWait] Error: Channel error: cannot send/recv

ile" "C:\\Users\\Toby\\AppData\\Local\\Temp\\rust_mozprofilepY46K5"
JavaScript error: resource://gre/modules/XULStore.jsm, line 66: Error: Can't find profile directory.
1593255323394	Marionette	INFO	Listening on port 52013
1593255323591	Marionette	WARN	TLS certificate errors will be ignored for this session
1593255436470	Marionette	INFO	Stopped listening on port 52013

###!!! [Child][RunMessage] Error: Channel closing: too late to send/recv, messages will be lost


###!!! [Child][MessageChannel::SendAndWait] Error: Channel error: cannot send/recv

modules/XULStore.jsm, line 66: Error: Can't find profile directory.
1593255367814	Marionette	INFO	Listening on port 52121
1593255368029	Marionette	WARN	TLS certificate errors will be ignored for this session
console.error: "Store does not have a valid reducer. Make sure the argument passed to combineReducers is an object whose values are reducers."
1593257539963	Marionette	INFO	Stopped listening on port 52121

###!!! [Child][RunMessage] Error: Channel closing: too late to send/recv, messages will be lost


###!!! [Child][MessageChannel::SendAndWait] Error: Channel error: cannot send/recv

modules/XULStore.jsm, line 66: Error: Can't find profile directory.
1593257239659	Marionette	INFO	Listening on port 52848
1593257239819	Marionette	WARN	TLS certificate errors will be ignored for this session
1593257537237	Marionette	INFO	Stopped listening on port 52848

###!!! [Child][RunMessage] Error: Channel closing: too late to send/recv, messages will be lost


###!!! [Child][MessageChannel::SendAndWait] Error: Channel error: cannot send/recv

modules/XULStore.jsm, line 66: Error: Can't find profile directory.
1593257279650	Marionette	INFO	Listening on port 52935
1593257279865	Marionette	WARN	TLS certificate errors will be ignored for this session
1593257537740	Marionette	INFO	Stopped listening on port 52935

###!!! [Child][RunMessage] Error: Channel closing: too late to send/recv, messages will be lost


###!!! [Child][MessageChannel::SendAndWait] Error: Channel error: cannot send/recv

modules/XULStore.jsm, line 66: Error: Can't find profile directory.
1593257348190	Marionette	INFO	Listening on port 53037
1593257348346	Marionette	WARN	TLS certificate errors will be ignored for this session
1593257538134	Marionette	INFO	Stopped listening on port 53037

###!!! [Child][RunMessage] Error: Channel closing: too late to send/recv, messages will be lost


###!!! [Child][MessageChannel::SendAndWait] Error: Channel error: cannot send/recv

modules/XULStore.jsm, line 66: Error: Can't find profile directory.
1593257363751	Marionette	INFO	Listening on port 53120
1593257363868	Marionette	WARN	TLS certificate errors will be ignored for this session
1593257538473	Marionette	INFO	Stopped listening on port 53120

###!!! [Child][MessageChannel::SendAndWait] Error: Channel error: cannot send/recv

ile" "C:\\Users\\Toby\\AppData\\Local\\Temp\\rust_mozprofileCVFr8S"
JavaScript error: resource://gre/modules/XULStore.jsm, line 66: Error: Can't find profile directory.
1593257379773	Marionette	INFO	Listening on port 53208
1593257379904	Marionette	WARN	TLS certificate errors will be ignored for this session
1593257538805	Marionette	INFO	Stopped listening on port 53208

###!!! [Child][RunMessage] Error: Channel closing: too late to send/recv, messages will be lost


###!!! [Child][MessageChannel::SendAndWait] Error: Channel error: cannot send/recv

modules/XULStore.jsm, line 66: Error: Can't find profile directory.
1593257438873	Marionette	INFO	Listening on port 53350
1593257439092	Marionette	WARN	TLS certificate errors will be ignored for this session
JavaScript error: https://eus.rubiconproject.com/usync.html?gdpr=0&gdpr_consent=BO1p8zDO1p8zDDlDLAENDQ-AAAAweAAA&us_privacy=1---, line 12: SecurityError: The operation is insecure.
1593260182034	Marionette	INFO	Stopped listening on port 53350

###!!! [Child][RunMessage] Error: Channel closing: too late to send/recv, messages will be lost


###!!! [Child][MessageChannel::SendAndWait] Error: Channel error: cannot send/recv

modules/XULStore.jsm, line 66: Error: Can't find profile directory.
1593257699031	Marionette	INFO	Listening on port 53740
1593257699251	Marionette	WARN	TLS certificate errors will be ignored for this session
1593257837988	Marionette	INFO	Stopped listening on port 53740

###!!! [Child][MessageChannel::SendAndWait] Error: Channel error: cannot send/recv

ile" "C:\\Users\\Toby\\AppData\\Local\\Temp\\rust_mozprofilek4xUw5"
JavaScript error: resource://gre/modules/XULStore.jsm, line 66: Error: Can't find profile directory.
1593257743646	Marionette	INFO	Listening on port 53827
1593257743853	Marionette	WARN	TLS certificate errors will be ignored for this session
1593257838339	Marionette	INFO	Stopped listening on port 53827

###!!! [Child][RunMessage] Error: Channel closing: too late to send/recv, messages will be lost


###!!! [Child][MessageChannel::SendAndWait] Error: Channel error: cannot send/recv

modules/XULStore.jsm, line 66: Error: Can't find profile directory.
1593257769860	Marionette	INFO	Listening on port 53915
1593257770069	Marionette	WARN	TLS certificate errors will be ignored for this session
1593257838700	Marionette	INFO	Stopped listening on port 53915

###!!! [Child][RunMessage] Error: Channel closing: too late to send/recv, messages will be lost


###!!! [Child][MessageChannel::SendAndWait] Error: Channel error: cannot send/recv

modules/XULStore.jsm, line 66: Error: Can't find profile directory.
1593257788125	Marionette	INFO	Listening on port 53999
1593257788277	Marionette	WARN	TLS certificate errors will be ignored for this session
1593257839092	Marionette	INFO	Stopped listening on port 53999

###!!! [Child][MessageChannel::SendAndWait] Error: Channel error: cannot send/recv

ile" "C:\\Users\\Toby\\AppData\\Local\\Temp\\rust_mozprofilezskp5G"
JavaScript error: resource://gre/modules/XULStore.jsm, line 66: Error: Can't find profile directory.
1593257803816	Marionette	INFO	Listening on port 54081
1593257804043	Marionette	WARN	TLS certificate errors will be ignored for this session
1593257839495	Marionette	INFO	Stopped listening on port 54081

###!!! [Child][RunMessage] Error: Channel closing: too late to send/recv, messages will be lost


###!!! [Child][MessageChannel::SendAndWait] Error: Channel error: cannot send/recv

modules/XULStore.jsm, line 66: Error: Can't find profile directory.
1593257819386	Marionette	INFO	Listening on port 54160
1593257819500	Marionette	WARN	TLS certificate errors will be ignored for this session
console.error: "Store does not have a valid reducer. Make sure the argument passed to combineReducers is an object whose values are reducers."
1593258256402	Marionette	INFO	Stopped listening on port 54160

###!!! [Child][RunMessage] Error: Channel closing: too late to send/recv, messages will be lost


###!!! [Child][MessageChannel::SendAndWait] Error: Channel error: cannot send/recv

modules/XULStore.jsm, line 66: Error: Can't find profile directory.
1593258173319	Marionette	INFO	Listening on port 54404
1593258173502	Marionette	WARN	TLS certificate errors will be ignored for this session
1593258257872	Marionette	INFO	Stopped listening on port 54404

###!!! [Child][MessageChannel::SendAndWait] Error: Channel error: cannot send/recv

ile" "C:\\Users\\Toby\\AppData\\Local\\Temp\\rust_mozprofiletvR6JA"
JavaScript error: resource://gre/modules/XULStore.jsm, line 66: Error: Can't find profile directory.
1593258258855	Marionette	INFO	Listening on port 54498
1593258259013	Marionette	WARN	TLS certificate errors will be ignored for this session
1593258388693	Marionette	INFO	Stopped listening on port 54498

###!!! [Child][MessageChannel::SendAndWait] Error: Channel error: cannot send/recv

ile" "C:\\Users\\Toby\\AppData\\Local\\Temp\\rust_mozprofileaz9FGu"
JavaScript error: resource://gre/modules/XULStore.jsm, line 66: Error: Can't find profile directory.
1593258296015	Marionette	INFO	Listening on port 54584
1593258296236	Marionette	WARN	TLS certificate errors will be ignored for this session
1593258390536	Marionette	INFO	Stopped listening on port 54584

###!!! [Child][RunMessage] Error: Channel closing: too late to send/recv, messages will be lost


###!!! [Child][MessageChannel::SendAndWait] Error: Channel error: cannot send/recv

modules/XULStore.jsm, line 66: Error: Can't find profile directory.
1593258318376	Marionette	INFO	Listening on port 54663
1593258318580	Marionette	WARN	TLS certificate errors will be ignored for this session
1593258390950	Marionette	INFO	Stopped listening on port 54663

###!!! [Child][MessageChannel::SendAndWait] Error: Channel error: cannot send/recv

ile" "C:\\Users\\Toby\\AppData\\Local\\Temp\\rust_mozprofileMJJCLh"
JavaScript error: resource://gre/modules/XULStore.jsm, line 66: Error: Can't find profile directory.
1593258348610	Marionette	INFO	Listening on port 54757
1593258348774	Marionette	WARN	TLS certificate errors will be ignored for this session
console.error: "Store does not have a valid reducer. Make sure the argument passed to combineReducers is an object whose values are reducers."
1593259186974	Marionette	INFO	Stopped listening on port 54757

###!!! [Child][RunMessage] Error: Channel closing: too late to send/recv, messages will be lost


###!!! [Child][MessageChannel::SendAndWait] Error: Channel error: cannot send/recv

modules/XULStore.jsm, line 66: Error: Can't find profile directory.
1593258447915	Marionette	INFO	Listening on port 54868
1593258448124	Marionette	WARN	TLS certificate errors will be ignored for this session
1593259187500	Marionette	INFO	Stopped listening on port 54868

###!!! [Child][RunMessage] Error: Channel closing: too late to send/recv, messages will be lost


###!!! [Child][MessageChannel::SendAndWait] Error: Channel error: cannot send/recv

modules/XULStore.jsm, line 66: Error: Can't find profile directory.
1593258465196	Marionette	INFO	Listening on port 54946
1593258465392	Marionette	WARN	TLS certificate errors will be ignored for this session
1593259187964	Marionette	INFO	Stopped listening on port 54946

###!!! [Child][RunMessage] Error: Channel closing: too late to send/recv, messages will be lost


###!!! [Child][MessageChannel::SendAndWait] Error: Channel error: cannot send/recv

modules/XULStore.jsm, line 66: Error: Can't find profile directory.
1593258491068	Marionette	INFO	Listening on port 55024
1593258491281	Marionette	WARN	TLS certificate errors will be ignored for this session
1593259188398	Marionette	INFO	Stopped listening on port 55024

###!!! [Child][RunMessage] Error: Channel closing: too late to send/recv, messages will be lost


###!!! [Child][MessageChannel::SendAndWait] Error: Channel error: cannot send/recv

modules/XULStore.jsm, line 66: Error: Can't find profile directory.
1593258567984	Marionette	INFO	Listening on port 55231
1593258568006	Marionette	WARN	TLS certificate errors will be ignored for this session
1593259188787	Marionette	INFO	Stopped listening on port 55231

###!!! [Child][RunMessage] Error: Channel closing: too late to send/recv, messages will be lost


###!!! [Child][MessageChannel::SendAndWait] Error: Channel error: cannot send/recv

modules/XULStore.jsm, line 66: Error: Can't find profile directory.
1593258682048	Marionette	INFO	Listening on port 55321
1593258682118	Marionette	WARN	TLS certificate errors will be ignored for this session
1593259189173	Marionette	INFO	Stopped listening on port 55321

###!!! [Child][RunMessage] Error: Channel closing: too late to send/recv, messages will be lost


###!!! [Child][MessageChannel::SendAndWait] Error: Channel error: cannot send/recv

modules/XULStore.jsm, line 66: Error: Can't find profile directory.
1593258709270	Marionette	INFO	Listening on port 55420
1593258709452	Marionette	WARN	TLS certificate errors will be ignored for this session
console.error: "Store does not have a valid reducer. Make sure the argument passed to combineReducers is an object whose values are reducers."
1593259474384	Marionette	INFO	Stopped listening on port 55420

###!!! [Child][RunMessage] Error: Channel closing: too late to send/recv, messages will be lost


###!!! [Child][MessageChannel::SendAndWait] Error: Channel error: cannot send/recv

1593259478493	mozrunner::runner	INFO	Running command: "C:\\Program Files\\Mozilla Firefox\\firefox.exe" "-marionette" "-foreground" "-no-remote" "-profile" "C:\\Users\\Toby\\AppData\\Local\\Temp\\rust_mozprofile1IfHwb"
JavaScript error: resource://gre/modules/XULStore.jsm, line 66: Error: Can't find profile directory.
1593259479801	Marionette	INFO	Listening on port 55735
1593259480004	Marionette	WARN	TLS certificate errors will be ignored for this session
console.error: "Store does not have a valid reducer. Make sure the argument passed to combineReducers is an object whose values are reducers."
1593260182511	Marionette	INFO	Stopped listening on port 55735

###!!! [Child][RunMessage] Error: Channel closing: too late to send/recv, messages will be lost


###!!! [Child][MessageChannel::SendAndWait] Error: Channel error: cannot send/recv

modules/XULStore.jsm, line 66: Error: Can't find profile directory.
1593259965051	Marionette	INFO	Listening on port 55978
1593259966133	Marionette	INFO	Stopped listening on port 55978

###!!! [Child][MessageChannel::SendAndWait] Error: Channel error: cannot send/recv

1593259981031	mozrunner::runner	INFO	Running command: "C:\\Program Files\\Mozilla Firefox\\firefox.exe" "-marionette" "-foreground" "-no-remote" "-profile" "C:\\Users\\Toby\\AppData\\Local\\Temp\\rust_mozprofile6d37rY"
JavaScript error: resource://gre/modules/XULStore.jsm, line 66: Error: Can't find profile directory.
1593259982337	Marionette	INFO	Listening on port 56046
1593259982541	Marionette	WARN	TLS certificate errors will be ignored for this session
1593260182785	Marionette	INFO	Stopped listening on port 56046

###!!! [Child][RunMessage] Error: Channel closing: too late to send/recv, messages will be lost


###!!! [Child][MessageChannel::SendAndWait] Error: Channel error: cannot send/recv

modules/XULStore.jsm, line 66: Error: Can't find profile directory.
1593260069852	Marionette	INFO	Listening on port 56178
1593260070026	Marionette	WARN	TLS certificate errors will be ignored for this session
console.error: "Store does not have a valid reducer. Make sure the argument passed to combineReducers is an object whose values are reducers."
JavaScript error: resource://devtools/shared/protocol/Front.js, line 77: Error: Connection closed, pending request to server0.conn0.child2/domnode108, type setNodeValue failed

Request stack:
request@resource://devtools/shared/protocol/Front.js:256:14
generateRequestMethods/</frontProto[name]@resource://devtools/shared/protocol/Front/FrontClassWithSpec.js:47:19
showTextEditor/done/</<@resource://devtools/client/inspector/markup/views/text-editor.js:101:25
do@resource://devtools/client/shared/undo.js:70:16
endBatch@resource://devtools/client/shared/undo.js:81:11
do@resource://devtools/client/shared/undo.js:94:10
showTextEditor/done/<@resource://devtools/client/inspector/markup/views/text-editor.js:99:31
process@resource://gre/modules/Promise-backend.js:961:38
walkerLoop@resource://gre/modules/Promise-backend.js:845:29
scheduleWalkerLoop/<@resource://gre/modules/Promise-backend.js:778:14

1593260183181	Marionette	INFO	Stopped listening on port 56178

###!!! [Child][MessageChannel::SendAndWait] Error: Channel error: cannot send/recv

1593261779019	mozrunner::runner	INFO	Running command: "C:\\Program Files\\Mozilla Firefox\\firefox.exe" "-marionette" "-foreground" "-no-remote" "-profile" "C:\\Users\\Toby\\AppData\\Local\\Temp\\rust_mozprofileee49yK"
JavaScript error: resource://gre/modules/XULStore.jsm, line 66: Error: Can't find profile directory.
1593261780373	Marionette	INFO	Listening on port 56772
1593261780524	Marionette	WARN	TLS certificate errors will be ignored for this session
1593261947987	Marionette	INFO	Stopped listening on port 56772

###!!! [Child][MessageChannel::SendAndWait] Error: Channel error: cannot send/recv

ile" "C:\\Users\\Toby\\AppData\\Local\\Temp\\rust_mozprofileMI4GRO"
JavaScript error: resource://gre/modules/XULStore.jsm, line 66: Error: Can't find profile directory.
1593261816193	Marionette	INFO	Listening on port 56886
1593261816402	Marionette	WARN	TLS certificate errors will be ignored for this session
1593261948839	Marionette	INFO	Stopped listening on port 56886

###!!! [Child][RunMessage] Error: Channel closing: too late to send/recv, messages will be lost


###!!! [Child][MessageChannel::SendAndWait] Error: Channel error: cannot send/recv

modules/XULStore.jsm, line 66: Error: Can't find profile directory.
1593261860280	Marionette	INFO	Listening on port 56983
1593261860503	Marionette	WARN	TLS certificate errors will be ignored for this session
console.error: "Store does not have a valid reducer. Make sure the argument passed to combineReducers is an object whose values are reducers."
1593261949544	Marionette	INFO	Stopped listening on port 56983

###!!! [Child][RunMessage] Error: Channel closing: too late to send/recv, messages will be lost


###!!! [Child][MessageChannel::SendAndWait] Error: Channel error: cannot send/recv

modules/XULStore.jsm, line 66: Error: Can't find profile directory.
1593261940673	Marionette	INFO	Listening on port 57112
1593261940835	Marionette	WARN	TLS certificate errors will be ignored for this session
1593261950119	Marionette	INFO	Stopped listening on port 57112

###!!! [Child][MessageChannel::SendAndWait] Error: Channel error: cannot send/recv

ile" "C:\\Users\\Toby\\AppData\\Local\\Temp\\rust_mozprofilexyps2H"
JavaScript error: resource://gre/modules/XULStore.jsm, line 66: Error: Can't find profile directory.
1593261948991	Marionette	INFO	Listening on port 57222
1593261949134	Marionette	WARN	TLS certificate errors will be ignored for this session
console.error: "Store does not have a valid reducer. Make sure the argument passed to combineReducers is an object whose values are reducers."
1593262164401	Marionette	INFO	Stopped listening on port 57222

###!!! [Child][RunMessage] Error: Channel closing: too late to send/recv, messages will be lost


###!!! [Child][MessageChannel::SendAndWait] Error: Channel error: cannot send/recv

modules/XULStore.jsm, line 66: Error: Can't find profile directory.
1593261977090	Marionette	INFO	Listening on port 57325
1593261977305	Marionette	WARN	TLS certificate errors will be ignored for this session
1593262164856	Marionette	INFO	Stopped listening on port 57325

###!!! [Child][RunMessage] Error: Channel closing: too late to send/recv, messages will be lost


###!!! [Child][MessageChannel::SendAndWait] Error: Channel error: cannot send/recv

modules/XULStore.jsm, line 66: Error: Can't find profile directory.
1593261997523	Marionette	INFO	Listening on port 57434
1593261997754	Marionette	WARN	TLS certificate errors will be ignored for this session
1593262165240	Marionette	INFO	Stopped listening on port 57434

###!!! [Child][MessageChannel::SendAndWait] Error: Channel error: cannot send/recv

ile" "C:\\Users\\Toby\\AppData\\Local\\Temp\\rust_mozprofilebLEuQR"
JavaScript error: resource://gre/modules/XULStore.jsm, line 66: Error: Can't find profile directory.
1593262016107	Marionette	INFO	Listening on port 57541
1593262016329	Marionette	WARN	TLS certificate errors will be ignored for this session
1593262165614	Marionette	INFO	Stopped listening on port 57541

###!!! [Child][RunMessage] Error: Channel closing: too late to send/recv, messages will be lost


###!!! [Child][MessageChannel::SendAndWait] Error: Channel error: cannot send/recv

modules/XULStore.jsm, line 66: Error: Can't find profile directory.
1593262118611	Marionette	INFO	Listening on port 57715
1593262118826	Marionette	WARN	TLS certificate errors will be ignored for this session
1593262166013	Marionette	INFO	Stopped listening on port 57715

###!!! [Child][RunMessage] Error: Channel closing: too late to send/recv, messages will be lost


###!!! [Child][MessageChannel::SendAndWait] Error: Channel error: cannot send/recv

modules/XULStore.jsm, line 66: Error: Can't find profile directory.
1593262133061	Marionette	INFO	Listening on port 57829
1593262133224	Marionette	WARN	TLS certificate errors will be ignored for this session
1593262166390	Marionette	INFO	Stopped listening on port 57829

###!!! [Child][RunMessage] Error: Channel closing: too late to send/recv, messages will be lost


###!!! [Child][MessageChannel::SendAndWait] Error: Channel error: cannot send/recv

1593262390958	mozrunner::runner	INFO	Running command: "C:\\Program Files\\Mozilla Firefox\\firefox.exe" "-marionette" "-foreground" "-no-remote" "-profile" "C:\\Users\\Toby\\AppData\\Local\\Temp\\rust_mozprofileLz5AxG"
JavaScript error: resource://gre/modules/XULStore.jsm, line 66: Error: Can't find profile directory.
1593262392299	Marionette	INFO	Listening on port 58242
1593262392467	Marionette	WARN	TLS certificate errors will be ignored for this session
1593263407895	Marionette	INFO	Stopped listening on port 58242

###!!! [Child][RunMessage] Error: Channel closing: too late to send/recv, messages will be lost


###!!! [Child][MessageChannel::SendAndWait] Error: Channel error: cannot send/recv

modules/XULStore.jsm, line 66: Error: Can't find profile directory.
1593262405527	Marionette	INFO	Listening on port 58341
1593262405756	Marionette	WARN	TLS certificate errors will be ignored for this session
1593263408422	Marionette	INFO	Stopped listening on port 58341

###!!! [Child][MessageChannel::SendAndWait] Error: Channel error: cannot send/recv

ile" "C:\\Users\\Toby\\AppData\\Local\\Temp\\rust_mozprofilek1DFn0"
JavaScript error: resource://gre/modules/XULStore.jsm, line 66: Error: Can't find profile directory.
1593262427701	Marionette	INFO	Listening on port 58432
1593262427916	Marionette	WARN	TLS certificate errors will be ignored for this session
1593263409076	Marionette	INFO	Stopped listening on port 58432

###!!! [Child][MessageChannel::SendAndWait] Error: Channel error: cannot send/recv

ile" "C:\\Users\\Toby\\AppData\\Local\\Temp\\rust_mozprofileN0mTx1"
JavaScript error: resource://gre/modules/XULStore.jsm, line 66: Error: Can't find profile directory.
1593262442480	Marionette	INFO	Listening on port 58535
1593262442732	Marionette	WARN	TLS certificate errors will be ignored for this session
1593263409754	Marionette	INFO	Stopped listening on port 58535

###!!! [Child][RunMessage] Error: Channel closing: too late to send/recv, messages will be lost


###!!! [Child][MessageChannel::SendAndWait] Error: Channel error: cannot send/recv

modules/XULStore.jsm, line 66: Error: Can't find profile directory.
1593262492392	Marionette	INFO	Listening on port 58641
1593262492449	Marionette	WARN	TLS certificate errors will be ignored for this session
1593263410445	Marionette	INFO	Stopped listening on port 58641

###!!! [Child][RunMessage] Error: Channel closing: too late to send/recv, messages will be lost


###!!! [Child][MessageChannel::SendAndWait] Error: Channel error: cannot send/recv

modules/XULStore.jsm, line 66: Error: Can't find profile directory.
1593262526732	Marionette	INFO	Listening on port 58731
1593262526936	Marionette	WARN	TLS certificate errors will be ignored for this session
1593263411578	Marionette	INFO	Stopped listening on port 58731

###!!! [Child][RunMessage] Error: Channel closing: too late to send/recv, messages will be lost


###!!! [Child][MessageChannel::SendAndWait] Error: Channel error: cannot send/recv

1593265132308	mozrunner::runner	INFO	Running command: "C:\\Program Files\\Mozilla Firefox\\firefox.exe" "-marionette" "-foreground" "-no-remote" "-profile" "C:\\Users\\Toby\\AppData\\Local\\Temp\\rust_mozprofile2U8aK6"
JavaScript error: resource://gre/modules/XULStore.jsm, line 66: Error: Can't find profile directory.
1593265133601	Marionette	INFO	Listening on port 59261
1593265133814	Marionette	WARN	TLS certificate errors will be ignored for this session
1593265308777	Marionette	INFO	Stopped listening on port 59261

###!!! [Child][MessageChannel::SendAndWait] Error: Channel error: cannot send/recv

ote" "-profile" "C:\\Users\\Toby\\AppData\\Local\\Temp\\rust_mozprofileU75YDo"
JavaScript error: resource://gre/modules/XULStore.jsm, line 66: Error: Can't find profile directory.
1593265225641	Marionette	INFO	Listening on port 59406
1593265225900	Marionette	WARN	TLS certificate errors will be ignored for this session
1593265309205	Marionette	INFO	Stopped listening on port 59406

###!!! [Child][MessageChannel::SendAndWait] Error: Channel error: cannot send/recv

mote" "-profile" "C:\\Users\\Toby\\AppData\\Local\\Temp\\rust_mozprofileJOcJfo"
*** You are running in headless mode.
JavaScript error: resource://gre/modules/XULStore.jsm, line 66: Error: Can't find profile directory.
1593265303214	Marionette	INFO	Listening on port 59522
1593265303547	Marionette	WARN	TLS certificate errors will be ignored for this session
1593265314133	mozrunner::runner	INFO	Running command: "C:\\Program Files\\Mozilla Firefox\\firefox.exe" "-marionette" "-headless" "-foreground" "-no-remote" "-profile" "C:\\Users\\Toby\\AppData\\Local\\Temp\\rust_mozprofilecsXh8I"
*** You are running in headless mode.
JavaScript error: resource://gre/modules/XULStore.jsm, line 66: Error: Can't find profile directory.
1593265315293	Marionette	INFO	Listening on port 59610
1593265315640	Marionette	WARN	TLS certificate errors will be ignored for this session
Exiting due to channel error.
	INFO	Running command: "C:\\Program Files\\Mozilla Firefox\\firefox.exe" "-marionette" "-headless" "-foreground" "-no-remote" "-profile" "C:\\Users\\Toby\\AppData\\Local\\Temp\\rust_mozprofileHwMX54"
*** You are running in headless mode.
JavaScript error: resource://gre/modules/XULStore.jsm, line 66: Error: Can't find profile directory.
1593265406236	Marionette	INFO	Listening on port 59714
1593265406635	Marionette	WARN	TLS certificate errors will be ignored for this session
Exiting due to channel error.
	INFO	Running command: "C:\\Program Files\\Mozilla Firefox\\firefox.exe" "-marionette" "-headless" "-foreground" "-no-remote" "-profile" "C:\\Users\\Toby\\AppData\\Local\\Temp\\rust_mozprofileIYPKC6"
*** You are running in headless mode.
JavaScript error: resource://gre/modules/XULStore.jsm, line 66: Error: Can't find profile directory.
1593265480082	Marionette	INFO	Listening on port 59822
1593265480460	Marionette	WARN	TLS certificate errors will be ignored for this session
Exiting due to channel error.
	INFO	Running command: "C:\\Program Files\\Mozilla Firefox\\firefox.exe" "-marionette" "-foreground" "-no-remote" "-profile" "C:\\Users\\Toby\\AppData\\Local\\Temp\\rust_mozprofile87CDbE"
JavaScript error: resource://gre/modules/XULStore.jsm, line 66: Error: Can't find profile directory.
1593265503556	Marionette	INFO	Listening on port 59912
1593265503727	Marionette	WARN	TLS certificate errors will be ignored for this session
1593266108914	Marionette	INFO	Stopped listening on port 59912

###!!! [Child][RunMessage] Error: Channel closing: too late to send/recv, messages will be lost


###!!! [Child][MessageChannel::SendAndWait] Error: Channel error: cannot send/recv

modules/XULStore.jsm, line 66: Error: Can't find profile directory.
1593265720746	Marionette	INFO	Listening on port 60125
1593265721196	Marionette	WARN	TLS certificate errors will be ignored for this session
1593266109327	Marionette	INFO	Stopped listening on port 60125

###!!! [Child][RunMessage] Error: Channel closing: too late to send/recv, messages will be lost


###!!! [Child][MessageChannel::SendAndWait] Error: Channel error: cannot send/recv

modules/XULStore.jsm, line 66: Error: Can't find profile directory.
1593265743217	Marionette	INFO	Listening on port 60207
1593265743464	Marionette	WARN	TLS certificate errors will be ignored for this session
1593266109735	Marionette	INFO	Stopped listening on port 60207

###!!! [Child][RunMessage] Error: Channel closing: too late to send/recv, messages will be lost


###!!! [Child][MessageChannel::SendAndWait] Error: Channel error: cannot send/recv

modules/XULStore.jsm, line 66: Error: Can't find profile directory.
1593265919345	Marionette	INFO	Listening on port 60441
1593265919567	Marionette	WARN	TLS certificate errors will be ignored for this session
1593266110138	Marionette	INFO	Stopped listening on port 60441

###!!! [Child][MessageChannel::SendAndWait] Error: Channel error: cannot send/recv

ile" "C:\\Users\\Toby\\AppData\\Local\\Temp\\rust_mozprofileMjV2bI"
JavaScript error: resource://gre/modules/XULStore.jsm, line 66: Error: Can't find profile directory.
1593265945426	Marionette	INFO	Listening on port 60527
1593265945639	Marionette	WARN	TLS certificate errors will be ignored for this session
console.error: "Store does not have a valid reducer. Make sure the argument passed to combineReducers is an object whose values are reducers."
1593267664470	Marionette	INFO	Stopped listening on port 60527

###!!! [Child][RunMessage] Error: Channel closing: too late to send/recv, messages will be lost


###!!! [Child][MessageChannel::SendAndWait] Error: Channel error: cannot send/recv

modules/XULStore.jsm, line 66: Error: Can't find profile directory.
1593267653232	Marionette	INFO	Listening on port 61435
1593267653430	Marionette	WARN	TLS certificate errors will be ignored for this session
JavaScript error: chrome://marionette/content/proxy.js, line 222: TypeError: this.browser.driver.dialogObserver is null
JavaScript error: chrome://marionette/content/proxy.js, line 222: TypeError: this.browser.driver.dialogObserver is null
1593267663998	Marionette	INFO	Stopped listening on port 61435

###!!! [Child][RunMessage] Error: Channel closing: too late to send/recv, messages will be lost


###!!! [Child][MessageChannel::SendAndWait] Error: Channel error: cannot send/recv

1593267732609	mozrunner::runner	INFO	Running command: "C:\\Program Files\\Mozilla Firefox\\firefox.exe" "-marionette" "-foreground" "-no-remote" "-profile" "C:\\Users\\Toby\\AppData\\Local\\Temp\\rust_mozprofilel3QZbY"
JavaScript error: resource://gre/modules/XULStore.jsm, line 66: Error: Can't find profile directory.
1593267733881	Marionette	INFO	Listening on port 61572
1593267734117	Marionette	WARN	TLS certificate errors will be ignored for this session
1593269617424	Marionette	INFO	Stopped listening on port 61572

###!!! [Child][MessageChannel::SendAndWait] Error: Channel error: cannot send/recv

ile" "C:\\Users\\Toby\\AppData\\Local\\Temp\\rust_mozprofile7NMqeK"
JavaScript error: resource://gre/modules/XULStore.jsm, line 66: Error: Can't find profile directory.
1593267803369	Marionette	INFO	Listening on port 61716
1593267803631	Marionette	WARN	TLS certificate errors will be ignored for this session
console.error: "Store does not have a valid reducer. Make sure the argument passed to combineReducers is an object whose values are reducers."
console.error: (new TypeError("nodeFront.walkerFront is null", "resource://devtools/client/inspector/markup/markup.js", 925))
TypeError: nodeFront.walkerFront is null: _onNewSelection@resource://devtools/client/inspector/markup/markup.js:925:7
_emit@resource://devtools/shared/event-emitter.js:226:34
emit@resource://devtools/shared/event-emitter.js:172:18
emit@resource://devtools/shared/event-emitter.js:324:18
setNodeFront@resource://devtools/client/framework/selection.js:161:10
onDetached@resource://devtools/client/inspector/inspector.js:1630:20
_emit@resource://devtools/shared/event-emitter.js:226:34
emit@resource://devtools/shared/event-emitter.js:172:18
emit@resource://devtools/shared/event-emitter.js:324:18
_onMutations@resource://devtools/client/framework/selection.js:104:12
_emit@resource://devtools/shared/event-emitter.js:226:34
emit@resource://devtools/shared/event-emitter.js:172:18
emit@resource://devtools/shared/event-emitter.js:324:18
getMutations@resource://devtools/client/fronts/walker.js:395:10

console.error: (new Error("Can not send request 'getAllSelectors' because front 'domnode' is already destroyed.", "resource://devtools/shared/protocol/Front/FrontClassWithSpec.js", 29))
JavaScript error: resource://devtools/client/inspector/inspector.js, line 1539: TypeError: targetFront is null
console.error: "Store does not have a valid reducer. Make sure the argument passed to combineReducers is an object whose values are reducers."
1593269617901	Marionette	INFO	Stopped listening on port 61716

###!!! [Child][RunMessage] Error: Channel closing: too late to send/recv, messages will be lost


###!!! [Child][MessageChannel::SendAndWait] Error: Channel error: cannot send/recv

ette	WARN	TLS certificate errors will be ignored for this session
console.error: "Store does not have a valid reducer. Make sure the argument passed to combineReducers is an object whose values are reducers."
1593269619326	Marionette	INFO	Stopped listening on port 62652

###!!! [Child][MessageChannel::SendAndWait] Error: Channel error: cannot send/recv

 find profile directory.
1593269078802	Marionette	INFO	Listening on port 63732
1593269078918	Marionette	WARN	TLS certificate errors will be ignored for this session
console.error: "Store does not have a valid reducer. Make sure the argument passed to combineReducers is an object whose values are reducers."
JavaScript error: resource://devtools/shared/layout/utils.js, line 60: TypeError: win is undefined
JavaScript error: resource://devtools/shared/layout/utils.js, line 60: TypeError: win is undefined
console.error: "Error sending event: picker-node-picked"
console.error: (new TypeError("this.walker is null", "resource://devtools/server/actors/inspector/node.js", 217))
TypeError: this.walker is null: form@resource://devtools/server/actors/inspector/node.js:217:24
write@resource://devtools/shared/protocol/types.js:363:32
write@resource://devtools/shared/protocol/types.js:268:39
write@resource://devtools/shared/protocol/Request.js:117:22
write@resource://devtools/shared/protocol/Request.js:43:26
_sendEvent@resource://devtools/shared/protocol/Actor.js:66:24
initialize/<@resource://devtools/shared/protocol/Actor.js:46:16
_emit@resource://devtools/shared/event-emitter.js:226:34
emit@resource://devtools/shared/event-emitter.js:172:18
emit@resource://devtools/shared/event-emitter.js:324:18
pick/this._onPick@resource://devtools/server/actors/highlighters.js:317:20
event.synthesizeMouseAtPoint@chrome://marionette/content/event.js:213:14
webdriverClickElement@chrome://marionette/content/interaction.js:183:11

Handler function threw an exception: TypeError: this.walker is null
Stack: get conn@resource://devtools/server/actors/inspector/node.js:182:5
getParent@resource://devtools/shared/protocol/Pool.js:40:5
destroy@resource://devtools/shared/protocol/Pool.js:165:25
destroy@resource://devtools/shared/protocol/Actor.js:76:11
destroy@resource://devtools/server/actors/inspector/node.js:193:38
destroy@resource://devtools/shared/protocol/Pool.js:189:17
destroy@resource://devtools/shared/protocol/Actor.js:76:11
destroy@resource://devtools/server/actors/inspector/walker.js:439:38
destroy@resource://devtools/shared/protocol/Pool.js:189:17
destroy@resource://devtools/shared/protocol/Actor.js:76:11
destroy@resource://devtools/server/actors/inspector/inspector.js:126:38
destroy@resource://devtools/shared/protocol/Pool.js:189:17
_detach@resource://devtools/server/actors/targets/browsing-context.js:995:35
exit@resource://devtools/server/actors/targets/browsing-context.js:573:10
destroy@resource://devtools/server/actors/targets/browsing-context.js:554:10
removeActor@resource://devtools/server/actors/common.js:63:13
APDestroy@resource://devtools/server/actors/common.js:28:12
onClosed/<@resource://devtools/server/devtools-server-connection.js:477:37
onClosed@resource://devtools/server/devtools-server-connection.js:477:22
close@resource://devtools/shared/transport/child-transport.js:62:16
close@resource://devtools/server/devtools-server-connection.js:86:23
onDisconnect<@resource://devtools/server/startup/frame.js:145:12
exports.makeInfallible/<@resource://devtools/shared/ThreadSafeDevToolsUtils.js:103:22
Line: 182, column: 5
console.error: (new TypeError("this.walker is null", "resource://devtools/server/actors/inspector/node.js", 182))
console.error: "Error sending event: display-change"
console.error: ({})
[Exception... "Component returned failure code: 0x80070057 (NS_ERROR_ILLEGAL_VALUE) [nsIEventListenerService.getListenerInfoFor]"  nsresult: "0x80070057 (NS_ERROR_ILLEGAL_VALUE)"  location: "JS frame :: resource://devtools/server/actors/inspector/event-collector.js :: getDOMListeners :: line 266"  data: no]: getDOMListeners@resource://devtools/server/actors/inspector/event-collector.js:266:22
getListeners@resource://devtools/server/actors/inspector/event-collector.js:334:28
hasListeners@resource://devtools/server/actors/inspector/event-collector.js:227:17
hasEventListeners@resource://devtools/server/actors/inspector/event-collector.js:800:21
get _hasEventListeners@resource://devtools/server/actors/inspector/node.js:459:33
form@resource://devtools/server/actors/inspector/node.js:262:7
write@resource://devtools/shared/protocol/types.js:363:32
types.addArrayType/write/<@resource://devtools/shared/protocol/types.js:220:33
write@resource://devtools/shared/protocol/types.js:220:16
write@resource://devtools/shared/protocol/Request.js:117:22
write@resource://devtools/shared/protocol/Request.js:43:26
_sendEvent@resource://devtools/shared/protocol/Actor.js:66:24
initialize/<@resource://devtools/shared/protocol/Actor.js:46:16
_emit@resource://devtools/shared/event-emitter.js:226:34
emit@resource://devtools/shared/event-emitter.js:172:18
emit@resource://devtools/shared/event-emitter.js:324:18
_onReflows@resource://devtools/server/actors/inspector/walker.js:605:12
_emit@resource://devtools/shared/event-emitter.js:226:34
emit@resource://devtools/shared/event-emitter.js:172:18
emit@resource://devtools/shared/event-emitter.js:324:18
_startEventLoop@resource://devtools/server/actors/reflow.js:315:12
notify@resource://gre/modules/Timer.jsm:62:17

console.error: "Store does not have a valid reducer. Make sure the argument passed to combineReducers is an object whose values are reducers."
console.error: "Store does not have a valid reducer. Make sure the argument passed to combineReducers is an object whose values are reducers."
console.error: ({})
[Exception... "Component not initialized"  nsresult: "0xc1f30001 (NS_ERROR_NOT_INITIALIZED)"  location: "JS frame :: resource://devtools/shared/transport/child-transport.js :: send :: line 107"  data: no]: send@resource://devtools/shared/transport/child-transport.js:107:16
send@resource://devtools/server/devtools-server-connection.js:91:20
_sendEvent@resource://devtools/shared/protocol/Actor.js:72:15
initialize/<@resource://devtools/shared/protocol/Actor.js:46:16
_emit@resource://devtools/shared/event-emitter.js:226:34
emit@resource://devtools/shared/event-emitter.js:172:18
emit@resource://devtools/shared/event-emitter.js:324:18
_onReflow@resource://devtools/server/actors/reflow.js:81:12
_emit@resource://devtools/shared/event-emitter.js:226:34
emit@resource://devtools/shared/event-emitter.js:172:18
emit@resource://devtools/shared/event-emitter.js:324:18
_startEventLoop@resource://devtools/server/actors/reflow.js:315:12
notify@resource://gre/modules/Timer.jsm:62:17

1593269114709	Marionette	INFO	Stopped listening on port 63732

###!!! [Child][MessageChannel::SendAndWait] Error: Channel error: cannot send/recv

1593269258659	mozrunner::runner	INFO	Running command: "C:\\Program Files\\Mozilla Firefox\\firefox.exe" "-marionette" "-foreground" "-no-remote" "-profile" "C:\\Users\\Toby\\AppData\\Local\\Temp\\rust_mozprofilegoTkwH"
JavaScript error: resource://gre/modules/XULStore.jsm, line 66: Error: Can't find profile directory.
1593269260032	Marionette	INFO	Listening on port 63941
1593269260167	Marionette	WARN	TLS certificate errors will be ignored for this session
1593269621198	Marionette	INFO	Stopped listening on port 63941

###!!! [Child][RunMessage] Error: Channel closing: too late to send/recv, messages will be lost


###!!! [Child][MessageChannel::SendAndWait] Error: Channel error: cannot send/recv

modules/XULStore.jsm, line 66: Error: Can't find profile directory.
1593269524998	Marionette	INFO	Listening on port 64120
1593269525178	Marionette	WARN	TLS certificate errors will be ignored for this session
1593269621667	Marionette	INFO	Stopped listening on port 64120

###!!! [Child][RunMessage] Error: Channel closing: too late to send/recv, messages will be lost


###!!! [Child][MessageChannel::SendAndWait] Error: Channel error: cannot send/recv

modules/XULStore.jsm, line 66: Error: Can't find profile directory.
1593269592741	Marionette	INFO	Listening on port 64279
1593269592987	Marionette	WARN	TLS certificate errors will be ignored for this session
JavaScript error: chrome://marionette/content/proxy.js, line 222: TypeError: this.browser.driver.dialogObserver is null
JavaScript error: chrome://marionette/content/proxy.js, line 222: TypeError: this.browser.driver.dialogObserver is null
1593269622312	Marionette	INFO	Stopped listening on port 64279

###!!! [Child][RunMessage] Error: Channel closing: too late to send/recv, messages will be lost


###!!! [Child][MessageChannel::SendAndWait] Error: Channel error: cannot send/recv

1593269631961	mozrunner::runner	INFO	Running command: "C:\\Program Files\\Mozilla Firefox\\firefox.exe" "-marionette" "-headless" "-foreground" "-no-remote" "-profile" "C:\\Users\\Toby\\AppData\\Local\\Temp\\rust_mozprofileS4s8gF"
*** You are running in headless mode.
JavaScript error: resource://gre/modules/XULStore.jsm, line 66: Error: Can't find profile directory.
1593269633126	Marionette	INFO	Listening on port 64415
1593269633468	Marionette	WARN	TLS certificate errors will be ignored for this session
Exiting due to channel error.
	INFO	Running command: "C:\\Program Files\\Mozilla Firefox\\firefox.exe" "-marionette" "-headless" "-foreground" "-no-remote" "-profile" "C:\\Users\\Toby\\AppData\\Local\\Temp\\rust_mozprofilewR5bkg"
*** You are running in headless mode.
JavaScript error: resource://gre/modules/XULStore.jsm, line 66: Error: Can't find profile directory.
1593283427070	Marionette	INFO	Listening on port 52227
1593283427368	Marionette	WARN	TLS certificate errors will be ignored for this session
Exiting due to channel error.
	INFO	Running command: "C:\\Program Files\\Mozilla Firefox\\firefox.exe" "-marionette" "-headless" "-foreground" "-no-remote" "-profile" "C:\\Users\\Toby\\AppData\\Local\\Temp\\rust_mozprofileQx3lGD"
*** You are running in headless mode.
JavaScript error: resource://gre/modules/XULStore.jsm, line 66: Error: Can't find profile directory.
1593283443638	Marionette	INFO	Listening on port 52309
1593283443984	Marionette	WARN	TLS certificate errors will be ignored for this session
Exiting due to channel error.
Exiting due to channel error.
gram Files\\Mozilla Firefox\\firefox.exe" "-marionette" "-headless" "-foreground" "-no-remote" "-profile" "C:\\Users\\Toby\\AppData\\Local\\Temp\\rust_mozprofilepnBAPf"
*** You are running in headless mode.
JavaScript error: resource://gre/modules/XULStore.jsm, line 66: Error: Can't find profile directory.
1593283611965	Marionette	INFO	Listening on port 52685
1593283612308	Marionette	WARN	TLS certificate errors will be ignored for this session
Exiting due to channel error.
	INFO	Running command: "C:\\Program Files\\Mozilla Firefox\\firefox.exe" "-marionette" "-headless" "-foreground" "-no-remote" "-profile" "C:\\Users\\Toby\\AppData\\Local\\Temp\\rust_mozprofileMuckDb"
*** You are running in headless mode.
JavaScript error: resource://gre/modules/XULStore.jsm, line 66: Error: Can't find profile directory.
1593283906444	Marionette	INFO	Listening on port 53154
1593283906710	Marionette	WARN	TLS certificate errors will be ignored for this session
JavaScript error: chrome://marionette/content/proxy.js, line 222: TypeError: this.browser.driver.dialogObserver is null
Exiting due to channel error.
	INFO	Running command: "C:\\Program Files\\Mozilla Firefox\\firefox.exe" "-marionette" "-headless" "-foreground" "-no-remote" "-profile" "C:\\Users\\Toby\\AppData\\Local\\Temp\\rust_mozprofile8tT7sp"
*** You are running in headless mode.
JavaScript error: resource://gre/modules/XULStore.jsm, line 66: Error: Can't find profile directory.
1593284001356	Marionette	INFO	Listening on port 53290
1593284001713	Marionette	WARN	TLS certificate errors will be ignored for this session
1593284125007	Marionette	INFO	Stopped listening on port 53290
1593284150409	mozrunner::runner	INFO	Running command: "C:\\Program Files\\Mozilla Firefox\\firefox.exe" "-marionette" "-headless" "-foreground" "-no-remote" "-profile" "C:\\Users\\Toby\\AppData\\Local\\Temp\\rust_mozprofilezBQXjx"
*** You are running in headless mode.
JavaScript error: resource://gre/modules/XULStore.jsm, line 66: Error: Can't find profile directory.
1593284151576	Marionette	INFO	Listening on port 53553
Exiting due to channel error.
	INFO	Running command: "C:\\Program Files\\Mozilla Firefox\\firefox.exe" "-marionette" "-headless" "-foreground" "-no-remote" "-profile" "C:\\Users\\Toby\\AppData\\Local\\Temp\\rust_mozprofile8CRK32"
*** You are running in headless mode.
JavaScript error: resource://gre/modules/XULStore.jsm, line 66: Error: Can't find profile directory.
1593284170331	Marionette	INFO	Listening on port 53610
1593284170649	Marionette	WARN	TLS certificate errors will be ignored for this session
1593284288618	Marionette	INFO	Stopped listening on port 53610
1593285092066	mozrunner::runner	INFO	Running command: "C:\\Program Files\\Mozilla Firefox\\firefox.exe" "-marionette" "-headless" "-foreground" "-no-remote" "-profile" "C:\\Users\\Toby\\AppData\\Local\\Temp\\rust_mozprofileYXZHzj"
*** You are running in headless mode.
JavaScript error: resource://gre/modules/XULStore.jsm, line 66: Error: Can't find profile directory.
1593285093207	Marionette	INFO	Listening on port 54587
1593285093574	Marionette	WARN	TLS certificate errors will be ignored for this session
JavaScript error: chrome://marionette/content/proxy.js, line 222: TypeError: this.browser.driver.dialogObserver is null
1593285152275	mozrunner::runner	INFO	Running command: "C:\\Program Files\\Mozilla Firefox\\firefox.exe" "-marionette" "-headless" "-foreground" "-no-remote" "-profile" "C:\\Users\\Toby\\AppData\\Local\\Temp\\rust_mozprofileJh47kJ"
*** You are running in headless mode.
JavaScript error: resource://gre/modules/XULStore.jsm, line 66: Error: Can't find profile directory.
1593285153382	Marionette	INFO	Listening on port 54687
1593285153785	Marionette	WARN	TLS certificate errors will be ignored for this session
1593285270036	Marionette	INFO	Stopped listening on port 54687
1593285506747	mozrunner::runner	INFO	Running command: "C:\\Program Files\\Mozilla Firefox\\firefox.exe" "-marionette" "-headless" "-foreground" "-no-remote" "-profile" "C:\\Users\\Toby\\AppData\\Local\\Temp\\rust_mozprofilefodWay"
*** You are running in headless mode.
JavaScript error: resource://gre/modules/XULStore.jsm, line 66: Error: Can't find profile directory.
1593285507908	Marionette	INFO	Listening on port 55120
1593285508252	Marionette	WARN	TLS certificate errors will be ignored for this session
1593285619580	Marionette	INFO	Stopped listening on port 55120
1593285668690	mozrunner::runner	INFO	Running command: "C:\\Program Files\\Mozilla Firefox\\firefox.exe" "-marionette" "-headless" "-foreground" "-no-remote" "-profile" "C:\\Users\\Toby\\AppData\\Local\\Temp\\rust_mozprofileo17H8G"
*** You are running in headless mode.
JavaScript error: resource://gre/modules/XULStore.jsm, line 66: Error: Can't find profile directory.
1593285669968	Marionette	INFO	Listening on port 55337
1593285670198	Marionette	WARN	TLS certificate errors will be ignored for this session
Exiting due to channel error.
Exiting due to channel error.
Exiting due to channel error.
refox.exe" "-marionette" "-headless" "-foreground" "-no-remote" "-profile" "C:\\Users\\Toby\\AppData\\Local\\Temp\\rust_mozprofile8u3DwG"
*** You are running in headless mode.
JavaScript error: resource://gre/modules/XULStore.jsm, line 66: Error: Can't find profile directory.
1593285825324	Marionette	INFO	Listening on port 55583
1593285825639	Marionette	WARN	TLS certificate errors will be ignored for this session
1593285950926	Marionette	INFO	Stopped listening on port 55583
[Parent 122876, Gecko_IOThread] WARNING: file /builds/worker/checkouts/gecko/ipc/chromium/src/base/process_util_win.cc, line 166
1593286184017	mozrunner::runner	INFO	Running command: "C:\\Program Files\\Mozilla Firefox\\firefox.exe" "-marionette" "-headless" "-foreground" "-no-remote" "-profile" "C:\\Users\\Toby\\AppData\\Local\\Temp\\rust_mozprofileS8vQ9c"
*** You are running in headless mode.
JavaScript error: resource://gre/modules/XULStore.jsm, line 66: Error: Can't find profile directory.
1593286185150	Marionette	INFO	Listening on port 55929
1593286185525	Marionette	WARN	TLS certificate errors will be ignored for this session
1593286305039	Marionette	INFO	Stopped listening on port 55929
JavaScript error: resource:///modules/WindowsJumpLists.jsm, line 266: TypeError: this._builder is undefined
1593286793341	mozrunner::runner	INFO	Running command: "C:\\Program Files\\Mozilla Firefox\\firefox.exe" "-marionette" "-headless" "-foreground" "-no-remote" "-profile" "C:\\Users\\Toby\\AppData\\Local\\Temp\\rust_mozprofileQNQ17M"
*** You are running in headless mode.
JavaScript error: resource://gre/modules/XULStore.jsm, line 66: Error: Can't find profile directory.
1593286794508	Marionette	INFO	Listening on port 56402
1593286794849	Marionette	WARN	TLS certificate errors will be ignored for this session
1593286908245	Marionette	INFO	Stopped listening on port 56402
1593287092042	mozrunner::runner	INFO	Running command: "C:\\Program Files\\Mozilla Firefox\\firefox.exe" "-marionette" "-headless" "-foreground" "-no-remote" "-profile" "C:\\Users\\Toby\\AppData\\Local\\Temp\\rust_mozprofileOGma1s"
*** You are running in headless mode.
JavaScript error: resource://gre/modules/XULStore.jsm, line 66: Error: Can't find profile directory.
1593287093159	Marionette	INFO	Listening on port 56890
1593287093549	Marionette	WARN	TLS certificate errors will be ignored for this session
1593287210261	Marionette	INFO	Stopped listening on port 56890
1593287738779	mozrunner::runner	INFO	Running command: "C:\\Program Files\\Mozilla Firefox\\firefox.exe" "-marionette" "-headless" "-foreground" "-no-remote" "-profile" "C:\\Users\\Toby\\AppData\\Local\\Temp\\rust_mozprofileKVGzSM"
*** You are running in headless mode.
JavaScript error: resource://gre/modules/XULStore.jsm, line 66: Error: Can't find profile directory.
1593287739908	Marionette	INFO	Listening on port 57467
1593287740289	Marionette	WARN	TLS certificate errors will be ignored for this session
1593287744176	Marionette	INFO	Stopped listening on port 57467
1593287815350	mozrunner::runner	INFO	Running command: "C:\\Program Files\\Mozilla Firefox\\firefox.exe" "-marionette" "-headless" "-foreground" "-no-remote" "-profile" "C:\\Users\\Toby\\AppData\\Local\\Temp\\rust_mozprofileKwEzBa"
*** You are running in headless mode.
JavaScript error: resource://gre/modules/XULStore.jsm, line 66: Error: Can't find profile directory.
1593287816419	Marionette	INFO	Listening on port 57608
1593287816856	Marionette	WARN	TLS certificate errors will be ignored for this session
1593287820655	Marionette	INFO	Stopped listening on port 57608
1593287942358	mozrunner::runner	INFO	Running command: "C:\\Program Files\\Mozilla Firefox\\firefox.exe" "-marionette" "-headless" "-foreground" "-no-remote" "-profile" "C:\\Users\\Toby\\AppData\\Local\\Temp\\rust_mozprofileXfwI56"
*** You are running in headless mode.
JavaScript error: resource://gre/modules/XULStore.jsm, line 66: Error: Can't find profile directory.
1593287944284	Marionette	INFO	Listening on port 57733
1593287944366	Marionette	WARN	TLS certificate errors will be ignored for this session
1593288064824	Marionette	INFO	Stopped listening on port 57733
1593361551653	mozrunner::runner	INFO	Running command: "C:\\Program Files\\Mozilla Firefox\\firefox.exe" "-marionette" "-foreground" "-no-remote" "-profile" "C:\\Users\\Toby\\AppData\\Local\\Temp\\rust_mozprofileC46Vfb"
JavaScript error: resource://gre/modules/XULStore.jsm, line 66: Error: Can't find profile directory.
1593361553444	Marionette	INFO	Listening on port 54298
1593361553661	Marionette	WARN	TLS certificate errors will be ignored for this session
JavaScript error: chrome://marionette/content/proxy.js, line 222: TypeError: this.browser.driver.dialogObserver is null
JavaScript error: chrome://marionette/content/proxy.js, line 222: TypeError: this.browser.driver.dialogObserver is null
1593363267853	Marionette	INFO	Stopped listening on port 54298

###!!! [Child][RunMessage] Error: Channel closing: too late to send/recv, messages will be lost


###!!! [Child][MessageChannel::SendAndWait] Error: Channel error: cannot send/recv

